mode: set
github.com/snkim/sncoin/utils/utils.go:16.27,17.16 1 1
github.com/snkim/sncoin/utils/utils.go:17.16,19.3 1 1
github.com/snkim/sncoin/utils/utils.go:22.36,27.2 4 1
github.com/snkim/sncoin/utils/utils.go:30.44,33.2 2 1
github.com/snkim/sncoin/utils/utils.go:36.33,40.2 3 1
github.com/snkim/sncoin/utils/utils.go:42.52,44.18 2 1
github.com/snkim/sncoin/utils/utils.go:47.2,47.13 1 1
github.com/snkim/sncoin/utils/utils.go:44.18,46.3 1 1
github.com/snkim/sncoin/utils/utils.go:50.35,54.2 3 1
github.com/snkim/sncoin/wallet/wallet.go:25.35,28.2 2 0
github.com/snkim/sncoin/wallet/wallet.go:30.74,32.2 1 0
github.com/snkim/sncoin/wallet/wallet.go:34.52,36.2 1 0
github.com/snkim/sncoin/wallet/wallet.go:51.43,55.2 3 1
github.com/snkim/sncoin/wallet/wallet.go:57.40,62.2 4 1
github.com/snkim/sncoin/wallet/wallet.go:64.43,70.2 5 1
github.com/snkim/sncoin/wallet/wallet.go:72.40,75.2 2 1
github.com/snkim/sncoin/wallet/wallet.go:77.43,79.2 1 1
github.com/snkim/sncoin/wallet/wallet.go:81.45,87.2 5 1
github.com/snkim/sncoin/wallet/wallet.go:89.65,91.16 2 1
github.com/snkim/sncoin/wallet/wallet.go:94.2,100.26 7 1
github.com/snkim/sncoin/wallet/wallet.go:91.16,93.3 1 1
github.com/snkim/sncoin/wallet/wallet.go:103.56,117.2 9 1
github.com/snkim/sncoin/wallet/wallet.go:119.23,120.14 1 1
github.com/snkim/sncoin/wallet/wallet.go:133.2,133.10 1 1
github.com/snkim/sncoin/wallet/wallet.go:120.14,122.28 2 1
github.com/snkim/sncoin/wallet/wallet.go:130.3,130.35 1 1
github.com/snkim/sncoin/wallet/wallet.go:122.28,125.4 1 1
github.com/snkim/sncoin/wallet/wallet.go:125.9,129.4 3 1
