mode: set
github.com/snkim/sncoin/utils/utils.go:16.27,17.16 1 1
github.com/snkim/sncoin/utils/utils.go:17.16,19.3 1 1
github.com/snkim/sncoin/utils/utils.go:22.36,27.2 4 1
github.com/snkim/sncoin/utils/utils.go:30.44,33.2 2 1
github.com/snkim/sncoin/utils/utils.go:36.33,40.2 3 1
github.com/snkim/sncoin/utils/utils.go:42.52,44.18 2 1
github.com/snkim/sncoin/utils/utils.go:47.2,47.13 1 1
github.com/snkim/sncoin/utils/utils.go:44.18,46.3 1 1
github.com/snkim/sncoin/utils/utils.go:50.35,54.2 3 1
github.com/snkim/sncoin/wallet/wallet.go:25.35,28.2 2 0
github.com/snkim/sncoin/wallet/wallet.go:30.74,32.2 1 0
github.com/snkim/sncoin/wallet/wallet.go:34.52,36.2 1 0
github.com/snkim/sncoin/wallet/wallet.go:51.43,55.2 3 1
github.com/snkim/sncoin/wallet/wallet.go:57.40,62.2 4 1
github.com/snkim/sncoin/wallet/wallet.go:64.43,70.2 5 1
github.com/snkim/sncoin/wallet/wallet.go:72.40,75.2 2 1
github.com/snkim/sncoin/wallet/wallet.go:77.43,79.2 1 1
github.com/snkim/sncoin/wallet/wallet.go:81.45,87.2 5 1
github.com/snkim/sncoin/wallet/wallet.go:89.65,91.16 2 1
github.com/snkim/sncoin/wallet/wallet.go:94.2,100.26 7 1
github.com/snkim/sncoin/wallet/wallet.go:91.16,93.3 1 1
github.com/snkim/sncoin/wallet/wallet.go:103.56,117.2 9 1
github.com/snkim/sncoin/wallet/wallet.go:119.23,120.14 1 1
github.com/snkim/sncoin/wallet/wallet.go:133.2,133.10 1 1
github.com/snkim/sncoin/wallet/wallet.go:120.14,122.28 2 1
github.com/snkim/sncoin/wallet/wallet.go:130.3,130.35 1 1
github.com/snkim/sncoin/wallet/wallet.go:122.28,125.4 1 1
github.com/snkim/sncoin/wallet/wallet.go:125.9,129.4 3 1
github.com/snkim/sncoin/blockchain/block.go:21.29,23.2 1 1
github.com/snkim/sncoin/blockchain/block.go:27.38,29.2 1 1
github.com/snkim/sncoin/blockchain/block.go:31.45,33.23 2 1
github.com/snkim/sncoin/blockchain/block.go:36.2,38.19 3 1
github.com/snkim/sncoin/blockchain/block.go:33.23,35.3 1 0
github.com/snkim/sncoin/blockchain/block.go:41.24,43.6 2 1
github.com/snkim/sncoin/blockchain/block.go:43.6,46.38 3 1
github.com/snkim/sncoin/blockchain/block.go:46.38,48.9 2 1
github.com/snkim/sncoin/blockchain/block.go:49.9,51.4 1 1
github.com/snkim/sncoin/blockchain/block.go:55.60,67.2 5 1
github.com/snkim/sncoin/blockchain/chain.go:38.43,40.2 1 1
github.com/snkim/sncoin/blockchain/chain.go:42.40,44.2 1 1
github.com/snkim/sncoin/blockchain/chain.go:46.40,53.2 6 1
github.com/snkim/sncoin/blockchain/chain.go:55.37,60.6 5 1
github.com/snkim/sncoin/blockchain/chain.go:69.2,69.15 1 1
github.com/snkim/sncoin/blockchain/chain.go:60.6,63.27 3 1
github.com/snkim/sncoin/blockchain/chain.go:63.27,65.4 1 1
github.com/snkim/sncoin/blockchain/chain.go:65.9,66.9 1 1
github.com/snkim/sncoin/blockchain/chain.go:72.32,74.34 2 1
github.com/snkim/sncoin/blockchain/chain.go:77.2,77.12 1 1
github.com/snkim/sncoin/blockchain/chain.go:74.34,76.3 1 1
github.com/snkim/sncoin/blockchain/chain.go:80.49,81.28 1 1
github.com/snkim/sncoin/blockchain/chain.go:86.2,86.12 1 1
github.com/snkim/sncoin/blockchain/chain.go:81.28,82.24 1 1
github.com/snkim/sncoin/blockchain/chain.go:82.24,84.4 1 1
github.com/snkim/sncoin/blockchain/chain.go:89.47,96.48 6 1
github.com/snkim/sncoin/blockchain/chain.go:96.48,98.3 1 1
github.com/snkim/sncoin/blockchain/chain.go:98.8,98.55 1 0
github.com/snkim/sncoin/blockchain/chain.go:98.55,100.3 1 0
github.com/snkim/sncoin/blockchain/chain.go:100.8,102.3 1 0
github.com/snkim/sncoin/blockchain/chain.go:105.39,106.19 1 1
github.com/snkim/sncoin/blockchain/chain.go:106.19,108.3 1 1
github.com/snkim/sncoin/blockchain/chain.go:108.8,108.47 1 1
github.com/snkim/sncoin/blockchain/chain.go:108.47,111.3 1 1
github.com/snkim/sncoin/blockchain/chain.go:111.8,113.3 1 1
github.com/snkim/sncoin/blockchain/chain.go:116.64,119.34 3 0
github.com/snkim/sncoin/blockchain/chain.go:141.2,141.16 1 0
github.com/snkim/sncoin/blockchain/chain.go:119.34,120.41 1 0
github.com/snkim/sncoin/blockchain/chain.go:120.41,121.35 1 0
github.com/snkim/sncoin/blockchain/chain.go:129.4,129.41 1 0
github.com/snkim/sncoin/blockchain/chain.go:121.35,122.38 1 0
github.com/snkim/sncoin/blockchain/chain.go:125.5,125.69 1 0
github.com/snkim/sncoin/blockchain/chain.go:122.38,123.11 1 0
github.com/snkim/sncoin/blockchain/chain.go:125.69,127.6 1 0
github.com/snkim/sncoin/blockchain/chain.go:129.41,130.34 1 0
github.com/snkim/sncoin/blockchain/chain.go:130.34,131.41 1 0
github.com/snkim/sncoin/blockchain/chain.go:131.41,133.31 2 0
github.com/snkim/sncoin/blockchain/chain.go:133.31,135.8 1 0
github.com/snkim/sncoin/blockchain/chain.go:144.58,147.31 3 0
github.com/snkim/sncoin/blockchain/chain.go:150.2,150.15 1 0
github.com/snkim/sncoin/blockchain/chain.go:147.31,149.3 1 0
github.com/snkim/sncoin/blockchain/chain.go:153.52,157.2 3 0
github.com/snkim/sncoin/blockchain/chain.go:160.31,161.17 1 1
github.com/snkim/sncoin/blockchain/chain.go:174.2,174.10 1 1
github.com/snkim/sncoin/blockchain/chain.go:161.17,166.24 3 1
github.com/snkim/sncoin/blockchain/chain.go:166.24,168.4 1 1
github.com/snkim/sncoin/blockchain/chain.go:168.9,172.4 1 1
github.com/snkim/sncoin/blockchain/chain.go:178.50,187.34 8 1
github.com/snkim/sncoin/blockchain/chain.go:187.34,189.3 1 1
github.com/snkim/sncoin/blockchain/chain.go:192.52,205.43 10 1
github.com/snkim/sncoin/blockchain/chain.go:205.43,207.9 2 1
github.com/snkim/sncoin/blockchain/chain.go:207.9,209.4 1 1
github.com/snkim/sncoin/blockchain/transactions.go:24.25,25.20 1 1
github.com/snkim/sncoin/blockchain/transactions.go:30.2,30.10 1 1
github.com/snkim/sncoin/blockchain/transactions.go:25.20,29.3 1 1
github.com/snkim/sncoin/blockchain/transactions.go:56.22,58.2 1 1
github.com/snkim/sncoin/blockchain/transactions.go:60.21,61.31 1 0
github.com/snkim/sncoin/blockchain/transactions.go:61.31,63.3 1 0
github.com/snkim/sncoin/blockchain/transactions.go:66.28,68.32 2 0
github.com/snkim/sncoin/blockchain/transactions.go:80.2,80.14 1 0
github.com/snkim/sncoin/blockchain/transactions.go:68.32,70.20 2 0
github.com/snkim/sncoin/blockchain/transactions.go:74.3,76.13 3 0
github.com/snkim/sncoin/blockchain/transactions.go:70.20,72.9 2 0
github.com/snkim/sncoin/blockchain/transactions.go:76.13,77.9 1 0
github.com/snkim/sncoin/blockchain/transactions.go:83.39,87.35 2 0
github.com/snkim/sncoin/blockchain/transactions.go:95.2,95.15 1 0
github.com/snkim/sncoin/blockchain/transactions.go:87.35,88.34 1 0
github.com/snkim/sncoin/blockchain/transactions.go:88.34,89.64 1 0
github.com/snkim/sncoin/blockchain/transactions.go:89.64,91.16 2 0
github.com/snkim/sncoin/blockchain/transactions.go:98.41,114.2 5 1
github.com/snkim/sncoin/blockchain/transactions.go:118.55,119.51 1 0
github.com/snkim/sncoin/blockchain/transactions.go:123.2,127.33 5 0
github.com/snkim/sncoin/blockchain/transactions.go:135.2,135.43 1 0
github.com/snkim/sncoin/blockchain/transactions.go:139.2,150.12 7 0
github.com/snkim/sncoin/blockchain/transactions.go:153.2,153.16 1 0
github.com/snkim/sncoin/blockchain/transactions.go:119.51,121.3 1 0
github.com/snkim/sncoin/blockchain/transactions.go:127.33,128.22 1 0
github.com/snkim/sncoin/blockchain/transactions.go:131.3,133.25 3 0
github.com/snkim/sncoin/blockchain/transactions.go:128.22,129.9 1 0
github.com/snkim/sncoin/blockchain/transactions.go:135.43,138.3 2 0
github.com/snkim/sncoin/blockchain/transactions.go:150.12,152.3 1 0
github.com/snkim/sncoin/blockchain/transactions.go:156.62,158.16 2 0
github.com/snkim/sncoin/blockchain/transactions.go:162.2,163.16 2 0
github.com/snkim/sncoin/blockchain/transactions.go:158.16,160.3 1 0
github.com/snkim/sncoin/blockchain/transactions.go:166.39,169.27 3 1
github.com/snkim/sncoin/blockchain/transactions.go:172.2,174.12 3 1
github.com/snkim/sncoin/blockchain/transactions.go:169.27,171.3 1 1
github.com/snkim/sncoin/blockchain/transactions.go:177.37,184.2 3 0
